\BOOKMARK [0][-]{chapter.1}{Introduction}{}% 1
\BOOKMARK [1][-]{section.1.1}{Overview}{chapter.1}% 2
\BOOKMARK [1][-]{section.1.2}{Motivation}{chapter.1}% 3
\BOOKMARK [1][-]{section.1.3}{Aims and Objectives}{chapter.1}% 4
\BOOKMARK [1][-]{section.1.4}{Key Findings}{chapter.1}% 5
\BOOKMARK [1][-]{section.1.5}{Structure}{chapter.1}% 6
\BOOKMARK [0][-]{chapter.2}{Literature Review}{}% 7
\BOOKMARK [1][-]{section.2.1}{Background}{chapter.2}% 8
\BOOKMARK [2][-]{subsection.2.1.1}{Collectible Card Games}{section.2.1}% 9
\BOOKMARK [2][-]{subsection.2.1.2}{Hearthstone}{section.2.1}% 10
\BOOKMARK [2][-]{subsection.2.1.3}{Deck Building}{section.2.1}% 11
\BOOKMARK [1][-]{section.2.2}{Project Introduction}{chapter.2}% 12
\BOOKMARK [2][-]{subsection.2.2.1}{Related Works}{section.2.2}% 13
\BOOKMARK [2][-]{subsection.2.2.2}{Research Questions}{section.2.2}% 14
\BOOKMARK [2][-]{subsection.2.2.3}{Assistance Systems}{section.2.2}% 15
\BOOKMARK [1][-]{section.2.3}{Genetic Algorithm}{chapter.2}% 16
\BOOKMARK [1][-]{section.2.4}{Machine Learning}{chapter.2}% 17
\BOOKMARK [2][-]{subsection.2.4.1}{Artificial Neural Network}{section.2.4}% 18
\BOOKMARK [2][-]{subsection.2.4.2}{Generative Adversarial Networks}{section.2.4}% 19
\BOOKMARK [1][-]{section.2.5}{Hybrids}{chapter.2}% 20
\BOOKMARK [1][-]{section.2.6}{Conclusion \046 Final Thoughts}{chapter.2}% 21
\BOOKMARK [0][-]{chapter.3}{Methodology}{}% 22
\BOOKMARK [1][-]{section.3.1}{Overview}{chapter.3}% 23
\BOOKMARK [1][-]{section.3.2}{Functional Requirements}{chapter.3}% 24
\BOOKMARK [1][-]{section.3.3}{Non-Functional}{chapter.3}% 25
\BOOKMARK [1][-]{section.3.4}{Approach}{chapter.3}% 26
\BOOKMARK [1][-]{section.3.5}{Libraries}{chapter.3}% 27
\BOOKMARK [2][-]{subsection.3.5.1}{Web Scraper and API}{section.3.5}% 28
\BOOKMARK [2][-]{subsection.3.5.2}{GAN}{section.3.5}% 29
\BOOKMARK [2][-]{subsection.3.5.3}{Evaluation}{section.3.5}% 30
\BOOKMARK [0][-]{chapter.4}{Implementation}{}% 31
\BOOKMARK [1][-]{section.4.1}{Card Data}{chapter.4}% 32
\BOOKMARK [2][-]{subsection.4.1.1}{Introduction}{section.4.1}% 33
\BOOKMARK [2][-]{subsection.4.1.2}{Initial Method}{section.4.1}% 34
\BOOKMARK [2][-]{subsection.4.1.3}{Improved Method}{section.4.1}% 35
\BOOKMARK [1][-]{section.4.2}{Deck Data}{chapter.4}% 36
\BOOKMARK [2][-]{subsection.4.2.1}{Introduction}{section.4.2}% 37
\BOOKMARK [2][-]{subsection.4.2.2}{Platform Choice}{section.4.2}% 38
\BOOKMARK [2][-]{subsection.4.2.3}{Initial Method}{section.4.2}% 39
\BOOKMARK [2][-]{subsection.4.2.4}{Improved Method}{section.4.2}% 40
\BOOKMARK [2][-]{subsection.4.2.5}{Implementation of Web Scraper}{section.4.2}% 41
\BOOKMARK [1][-]{section.4.3}{Generative Adversarial Network}{chapter.4}% 42
\BOOKMARK [2][-]{subsection.4.3.1}{Introduction}{section.4.3}% 43
\BOOKMARK [2][-]{subsection.4.3.2}{Implementation}{section.4.3}% 44
\BOOKMARK [2][-]{subsection.4.3.3}{Initial Results}{section.4.3}% 45
\BOOKMARK [2][-]{subsection.4.3.4}{Improvements}{section.4.3}% 46
\BOOKMARK [0][-]{chapter.5}{Testing}{}% 47
\BOOKMARK [1][-]{section.5.1}{Aims}{chapter.5}% 48
\BOOKMARK [1][-]{section.5.2}{Simulator}{chapter.5}% 49
\BOOKMARK [2][-]{subsection.5.2.1}{Fireplace}{section.5.2}% 50
\BOOKMARK [2][-]{subsection.5.2.2}{Changes}{section.5.2}% 51
\BOOKMARK [2][-]{subsection.5.2.3}{External Code}{section.5.2}% 52
\BOOKMARK [1][-]{section.5.3}{Comparing type split for real and fake decks}{chapter.5}% 53
\BOOKMARK [2][-]{subsection.5.3.1}{Test 1 - Hunter Deck}{section.5.3}% 54
\BOOKMARK [2][-]{subsection.5.3.2}{Test 2 - Warlock Deck}{section.5.3}% 55
\BOOKMARK [2][-]{subsection.5.3.3}{Test 3 - Shaman Deck}{section.5.3}% 56
\BOOKMARK [1][-]{section.5.4}{Comparing neutral split for real and fake decks}{chapter.5}% 57
\BOOKMARK [2][-]{subsection.5.4.1}{Test 1 - Hunter Deck}{section.5.4}% 58
\BOOKMARK [2][-]{subsection.5.4.2}{Test 2 - Warlock Deck}{section.5.4}% 59
\BOOKMARK [2][-]{subsection.5.4.3}{Test 3 - Shaman Deck}{section.5.4}% 60
\BOOKMARK [1][-]{section.5.5}{Comparing mana curve for real and fake decks}{chapter.5}% 61
\BOOKMARK [2][-]{subsection.5.5.1}{Test 1 - Hunter Deck}{section.5.5}% 62
\BOOKMARK [2][-]{subsection.5.5.2}{Test 2 - Warlock Deck}{section.5.5}% 63
\BOOKMARK [2][-]{subsection.5.5.3}{Test 3 - Shaman Deck}{section.5.5}% 64
\BOOKMARK [1][-]{section.5.6}{Testing win rates versus real decks}{chapter.5}% 65
\BOOKMARK [2][-]{subsection.5.6.1}{Test 1 - Hunter Deck}{section.5.6}% 66
\BOOKMARK [2][-]{subsection.5.6.2}{Test 2 - Warlock Deck}{section.5.6}% 67
\BOOKMARK [2][-]{subsection.5.6.3}{Test 3 - Shaman Deck}{section.5.6}% 68
\BOOKMARK [0][-]{chapter.6}{Legal and Ethical Considerations}{}% 69
\BOOKMARK [1][-]{section.6.1}{Legal}{chapter.6}% 70
\BOOKMARK [2][-]{subsection.6.1.1}{Data Protection}{section.6.1}% 71
\BOOKMARK [2][-]{subsection.6.1.2}{Data Scraping}{section.6.1}% 72
\BOOKMARK [1][-]{section.6.2}{Ethical}{chapter.6}% 73
\BOOKMARK [0][-]{chapter.7}{Evaluation}{}% 74
\BOOKMARK [1][-]{section.7.1}{Overview}{chapter.7}% 75
\BOOKMARK [1][-]{section.7.2}{Limitations}{chapter.7}% 76
\BOOKMARK [1][-]{section.7.3}{Results}{chapter.7}% 77
\BOOKMARK [2][-]{subsection.7.3.1}{Comparing type split for real and fake decks}{section.7.3}% 78
\BOOKMARK [2][-]{subsection.7.3.2}{Comparing neutral split for real and fake decks}{section.7.3}% 79
\BOOKMARK [2][-]{subsection.7.3.3}{Comparing mana curve for real and fake decks}{section.7.3}% 80
\BOOKMARK [2][-]{subsection.7.3.4}{Testing win rates versus real decks}{section.7.3}% 81
\BOOKMARK [1][-]{section.7.4}{Conclusion}{chapter.7}% 82
\BOOKMARK [2][-]{subsection.7.4.1}{Overview}{section.7.4}% 83
\BOOKMARK [2][-]{subsection.7.4.2}{Findings}{section.7.4}% 84
\BOOKMARK [2][-]{subsection.7.4.3}{Future Work}{section.7.4}% 85
\BOOKMARK [0][-]{chapter.8}{Appendices}{}% 86
\BOOKMARK [1][-]{section.8.1}{Appendix A}{chapter.8}% 87
\BOOKMARK [1][-]{section.8.2}{Appendix B}{chapter.8}% 88
\BOOKMARK [1][-]{section.8.3}{Appendix C}{chapter.8}% 89
\BOOKMARK [1][-]{section.8.4}{Appendix D}{chapter.8}% 90
\BOOKMARK [1][-]{section.8.5}{Appendix E}{chapter.8}% 91
\BOOKMARK [1][-]{section.8.6}{Appendix F}{chapter.8}% 92
\BOOKMARK [1][-]{section.8.7}{Appendix G - Github Log}{chapter.8}% 93
\BOOKMARK [1][-]{section.8.8}{Appendix H - Trello Logs}{chapter.8}% 94
\BOOKMARK [1][-]{section.8.9}{Appendix I - Project Proposal}{chapter.8}% 95
\BOOKMARK [1][-]{section.8.10}{Appendix J - Ethics Form}{chapter.8}% 96
\BOOKMARK [1][-]{section.8.11}{Appendix K - Poster}{chapter.8}% 97
\BOOKMARK [1][-]{section.8.12}{Appendix L - Source Code}{chapter.8}% 98
