This is pdfTeX, Version 3.14159265-2.6-1.40.21 (TeX Live 2020/Arch Linux) (preloaded format=pdflatex 2020.11.30)  19 APR 2021 16:39
entering extended mode
 restricted \write18 enabled.
 %&-line parsing enabled.
**Hearthstone-ai.tex
(./Hearthstone-ai.tex
LaTeX2e <2020-02-02> patch level 5
L3 programming layer <2020-06-03>
(/usr/share/texmf-dist/tex/latex/base/report.cls
Document Class: report 2019/12/20 v1.4l Standard LaTeX document class
(/usr/share/texmf-dist/tex/latex/base/size10.clo
File: size10.clo 2019/12/20 v1.4l Standard LaTeX file (size option)
)
\c@part=\count167
\c@chapter=\count168
\c@section=\count169
\c@subsection=\count170
\c@subsubsection=\count171
\c@paragraph=\count172
\c@subparagraph=\count173
\c@figure=\count174
\c@table=\count175
\abovecaptionskip=\skip47
\belowcaptionskip=\skip48
\bibindent=\dimen134
)
(/usr/share/texmf-dist/tex/latex/mhchem/mhchem.sty
Package: mhchem 2018/06/22 v4.08 for typesetting chemical formulae

(/usr/share/texmf-dist/tex/latex/l3kernel/expl3.sty
Package: expl3 2020-06-03 L3 programming layer (loader) 

(/usr/share/texmf-dist/tex/latex/l3backend/l3backend-pdfmode.def
File: l3backend-pdfmode.def 2020-06-03 L3 backend support: PDF mode
\l__kernel_color_stack_int=\count176
\l__pdf_internal_box=\box45
))
(/usr/share/texmf-dist/tex/latex/l3packages/l3keys2e/l3keys2e.sty
Package: l3keys2e 2020-05-15 LaTeX2e option processing using LaTeX3 keys
)
(/usr/share/texmf-dist/tex/latex/tools/calc.sty
Package: calc 2017/05/25 v4.3 Infix arithmetic (KKT,FJ)
\calc@Acount=\count177
\calc@Bcount=\count178
\calc@Adimen=\dimen135
\calc@Bdimen=\dimen136
\calc@Askip=\skip49
\calc@Bskip=\skip50
LaTeX Info: Redefining \setlength on input line 80.
LaTeX Info: Redefining \addtolength on input line 81.
\calc@Ccount=\count179
\calc@Cskip=\skip51
)
(/usr/share/texmf-dist/tex/latex/amsmath/amsmath.sty
Package: amsmath 2020/01/20 v2.17e AMS math features
\@mathmargin=\skip52

For additional information on amsmath, use the `?' option.
(/usr/share/texmf-dist/tex/latex/amsmath/amstext.sty
Package: amstext 2000/06/29 v2.01 AMS text

(/usr/share/texmf-dist/tex/latex/amsmath/amsgen.sty
File: amsgen.sty 1999/11/30 v2.0 generic functions
\@emptytoks=\toks15
\ex@=\dimen137
))
(/usr/share/texmf-dist/tex/latex/amsmath/amsbsy.sty
Package: amsbsy 1999/11/29 v1.2d Bold Symbols
\pmbraise@=\dimen138
)
(/usr/share/texmf-dist/tex/latex/amsmath/amsopn.sty
Package: amsopn 2016/03/08 v2.02 operator names
)
\inf@bad=\count180
LaTeX Info: Redefining \frac on input line 227.
\uproot@=\count181
\leftroot@=\count182
LaTeX Info: Redefining \overline on input line 389.
\classnum@=\count183
\DOTSCASE@=\count184
LaTeX Info: Redefining \ldots on input line 486.
LaTeX Info: Redefining \dots on input line 489.
LaTeX Info: Redefining \cdots on input line 610.
\Mathstrutbox@=\box46
\strutbox@=\box47
\big@size=\dimen139
LaTeX Font Info:    Redeclaring font encoding OML on input line 733.
LaTeX Font Info:    Redeclaring font encoding OMS on input line 734.
\macc@depth=\count185
\c@MaxMatrixCols=\count186
\dotsspace@=\muskip16
\c@parentequation=\count187
\dspbrk@lvl=\count188
\tag@help=\toks16
\row@=\count189
\column@=\count190
\maxfields@=\count191
\andhelp@=\toks17
\eqnshift@=\dimen140
\alignsep@=\dimen141
\tagshift@=\dimen142
\tagwidth@=\dimen143
\totwidth@=\dimen144
\lineht@=\dimen145
\@envbody=\toks18
\multlinegap=\skip53
\multlinetaggap=\skip54
\mathdisplay@stack=\toks19
LaTeX Info: Redefining \[ on input line 2859.
LaTeX Info: Redefining \] on input line 2860.
)
(/usr/share/texmf-dist/tex/latex/chemgreek/chemgreek.sty
(/usr/share/texmf-dist/tex/latex/l3packages/xparse/xparse.sty
Package: xparse 2020-05-15 L3 Experimental document command parser

(/usr/share/texmf-dist/tex/latex/l3packages/xparse/xparse-generic.tex
\l__xparse_current_arg_int=\count192
\g__xparse_grabber_int=\count193
\l__xparse_m_args_int=\count194
\l__xparse_v_nesting_int=\count195
))
Package: chemgreek 2020/01/16 v1.1a interface for upright Greek letters for use
 in chemistry (CN)
\l__chemgreek_tmpa_int=\count196
\g__chemgreek_tmpa_int=\count197
)
(/usr/share/texmf-dist/tex/latex/graphics/graphics.sty
Package: graphics 2019/11/30 v1.4a Standard LaTeX Graphics (DPC,SPQR)

(/usr/share/texmf-dist/tex/latex/graphics/trig.sty
Package: trig 2016/01/03 v1.10 sin cos tan (DPC)
)
(/usr/share/texmf-dist/tex/latex/graphics-cfg/graphics.cfg
File: graphics.cfg 2016/06/04 v1.11 sample graphics configuration
)
Package graphics Info: Driver file: pdftex.def on input line 105.

(/usr/share/texmf-dist/tex/latex/graphics-def/pdftex.def
File: pdftex.def 2018/01/08 v1.0l Graphics/color driver for pdftex
))
\l__mhchem_ce_distanceFromLastComma_int=\count198
\__mhchem_arrow_extPgfLength_skip=\skip55
\mhchem@minispace@tmp=\skip56
\mhchem@minibackspace@tmp=\skip57
\mhchem@bondwidth=\skip58
\mhchem@bondheight=\skip59
\mhchem@smallbondwidth@tmpA=\skip60
\mhchem@smallbondwidth@tmpB=\skip61
\mhchem@smallbondwidth=\skip62
\mhchem@bondtmp@minussidebearingleft=\skip63
\mhchem@bondtmp@minussidebearingright=\skip64
\l__mhchem_option_version_int=\count199
\mhchem@option@minusmathsidebearingleft=\dimen146
\mhchem@option@minusmathsidebearingright=\dimen147
\mhchem@option@minustextsidebearingleft=\dimen148
\mhchem@option@minustextsidebearingright=\dimen149
)
(/usr/share/texmf-dist/tex/latex/siunitx/siunitx.sty
Package: siunitx 2020/02/25 v2.8b A comprehensive (SI) units package

(/usr/share/texmf-dist/tex/latex/tools/array.sty
Package: array 2019/08/31 v2.4l Tabular extension package (FMi)
\col@sep=\dimen150
\ar@mcellbox=\box48
\extrarowheight=\dimen151
\NC@list=\toks20
\extratabsurround=\skip65
\backup@length=\skip66
\ar@cellbox=\box49
)
\l__siunitx_tmp_box=\box50
\l__siunitx_tmp_dim=\dimen152
\l__siunitx_tmp_int=\count266
\l__siunitx_number_mantissa_length_int=\count267
\l__siunitx_number_uncert_length_int=\count268
\l__siunitx_round_int=\count269
\l__siunitx_process_decimal_int=\count270
\l__siunitx_process_uncertainty_int=\count271
\l__siunitx_process_fixed_int=\count272
\l__siunitx_process_integer_min_int=\count273
\l__siunitx_process_precision_int=\count274
\l__siunitx_group_min_int=\count275
\l__siunitx_angle_marker_box=\box51
\l__siunitx_angle_unit_box=\box52
\l__siunitx_angle_marker_dim=\dimen153
\l__siunitx_angle_unit_dim=\dimen154
\l__siunitx_unit_int=\count276
\l__siunitx_unit_denominator_int=\count277
\l__siunitx_unit_numerator_int=\count278
\l__siunitx_unit_prefix_int=\count279
\l__siunitx_unit_prefix_base_int=\count280
\l__siunitx_unit_prefix_gram_int=\count281
\l__siunitx_number_product_int=\count282
\c__siunitx_one_fill_skip=\skip67
\l__siunitx_table_unit_align_skip=\skip68
\l__siunitx_table_exponent_dim=\dimen155
\l__siunitx_table_integer_dim=\dimen156
\l__siunitx_table_mantissa_dim=\dimen157
\l__siunitx_table_marker_dim=\dimen158
\l__siunitx_table_result_dim=\dimen159
\l__siunitx_table_uncert_dim=\dimen160
\l__siunitx_table_fill_pre_dim=\dimen161
\l__siunitx_table_fill_post_dim=\dimen162
\l__siunitx_table_fill_mid_dim=\dimen163
\l__siunitx_table_pre_box=\box53
\l__siunitx_table_post_box=\box54
\l__siunitx_table_mantissa_box=\box55
\l__siunitx_table_result_box=\box56
\l__siunitx_table_number_align_skip=\skip69
\l__siunitx_table_text_align_skip=\skip70

(/usr/share/texmf-dist/tex/latex/translator/translator.sty
Package: translator 2019-05-31 v1.12a Easy translation of strings in LaTeX

(/usr/share/texmf-dist/tex/latex/graphics/keyval.sty
Package: keyval 2014/10/28 v1.15 key=value parser (DPC)
\KV@toks@=\toks21
)))
(/usr/share/texmf-dist/tex/latex/graphics/graphicx.sty
Package: graphicx 2019/11/30 v1.2a Enhanced LaTeX Graphics (DPC,SPQR)
\Gin@req@height=\dimen164
\Gin@req@width=\dimen165
)
(/usr/share/texmf-dist/tex/latex/hyperref/hyperref.sty
Package: hyperref 2020-05-15 v7.00e Hypertext links for LaTeX

(/usr/share/texmf-dist/tex/generic/ltxcmds/ltxcmds.sty
Package: ltxcmds 2019/12/15 v1.24 LaTeX kernel commands for general use (HO)
)
(/usr/share/texmf-dist/tex/generic/iftex/iftex.sty
Package: iftex 2020/03/06 v1.0d TeX engine tests
)
(/usr/share/texmf-dist/tex/latex/pdftexcmds/pdftexcmds.sty
Package: pdftexcmds 2020-06-04 v0.32 Utility functions of pdfTeX for LuaTeX (HO
)

(/usr/share/texmf-dist/tex/generic/infwarerr/infwarerr.sty
Package: infwarerr 2019/12/03 v1.5 Providing info/warning/error messages (HO)
)
Package pdftexcmds Info: \pdf@primitive is available.
Package pdftexcmds Info: \pdf@ifprimitive is available.
Package pdftexcmds Info: \pdfdraftmode found.
)
(/usr/share/texmf-dist/tex/generic/kvsetkeys/kvsetkeys.sty
Package: kvsetkeys 2019/12/15 v1.18 Key value parser (HO)
)
(/usr/share/texmf-dist/tex/generic/kvdefinekeys/kvdefinekeys.sty
Package: kvdefinekeys 2019-12-19 v1.6 Define keys (HO)
)
(/usr/share/texmf-dist/tex/generic/pdfescape/pdfescape.sty
Package: pdfescape 2019/12/09 v1.15 Implements pdfTeX's escape features (HO)
)
(/usr/share/texmf-dist/tex/latex/hycolor/hycolor.sty
Package: hycolor 2020-01-27 v1.10 Color options for hyperref/bookmark (HO)
)
(/usr/share/texmf-dist/tex/latex/letltxmacro/letltxmacro.sty
Package: letltxmacro 2019/12/03 v1.6 Let assignment for LaTeX macros (HO)
)
(/usr/share/texmf-dist/tex/latex/auxhook/auxhook.sty
Package: auxhook 2019-12-17 v1.6 Hooks for auxiliary files (HO)
)
(/usr/share/texmf-dist/tex/latex/kvoptions/kvoptions.sty
Package: kvoptions 2019/11/29 v3.13 Key value format for package options (HO)
)
\@linkdim=\dimen166
\Hy@linkcounter=\count283
\Hy@pagecounter=\count284

(/usr/share/texmf-dist/tex/latex/hyperref/pd1enc.def
File: pd1enc.def 2020-05-15 v7.00e Hyperref: PDFDocEncoding definition (HO)
Now handling font encoding PD1 ...
... no UTF-8 mapping file for font encoding PD1
)
(/usr/share/texmf-dist/tex/generic/intcalc/intcalc.sty
Package: intcalc 2019/12/15 v1.3 Expandable calculations with integers (HO)
)
(/usr/share/texmf-dist/tex/generic/etexcmds/etexcmds.sty
Package: etexcmds 2019/12/15 v1.7 Avoid name clashes with e-TeX commands (HO)
)
\Hy@SavedSpaceFactor=\count285
Package hyperref Info: Hyper figures OFF on input line 4464.
Package hyperref Info: Link nesting OFF on input line 4469.
Package hyperref Info: Hyper index ON on input line 4472.
Package hyperref Info: Plain pages OFF on input line 4479.
Package hyperref Info: Backreferencing OFF on input line 4484.
Package hyperref Info: Implicit mode ON; LaTeX internals redefined.
Package hyperref Info: Bookmarks ON on input line 4717.
\c@Hy@tempcnt=\count286

(/usr/share/texmf-dist/tex/latex/url/url.sty
\Urlmuskip=\muskip17
Package: url 2013/09/16  ver 3.4  Verb mode for urls, etc.
)
LaTeX Info: Redefining \url on input line 5076.
\XeTeXLinkMargin=\dimen167

(/usr/share/texmf-dist/tex/generic/bitset/bitset.sty
Package: bitset 2019/12/09 v1.3 Handle bit-vector datatype (HO)

(/usr/share/texmf-dist/tex/generic/bigintcalc/bigintcalc.sty
Package: bigintcalc 2019/12/15 v1.5 Expandable calculations on big integers (HO
)
))
\Fld@menulength=\count287
\Field@Width=\dimen168
\Fld@charsize=\dimen169
Package hyperref Info: Hyper figures OFF on input line 6347.
Package hyperref Info: Link nesting OFF on input line 6352.
Package hyperref Info: Hyper index ON on input line 6355.
Package hyperref Info: backreferencing OFF on input line 6362.
Package hyperref Info: Link coloring OFF on input line 6367.
Package hyperref Info: Link coloring with OCG OFF on input line 6372.
Package hyperref Info: PDF/A mode OFF on input line 6377.
LaTeX Info: Redefining \ref on input line 6417.
LaTeX Info: Redefining \pageref on input line 6421.

(/usr/share/texmf-dist/tex/generic/atbegshi/atbegshi.sty
Package: atbegshi 2019/12/05 v1.19 At begin shipout hook (HO)
)
\Hy@abspage=\count288
\c@Item=\count289
\c@Hfootnote=\count290
)
Package hyperref Info: Driver (autodetected): hpdftex.

(/usr/share/texmf-dist/tex/latex/hyperref/hpdftex.def
File: hpdftex.def 2020-05-15 v7.00e Hyperref driver for pdfTeX

(/usr/share/texmf-dist/tex/latex/atveryend/atveryend.sty
Package: atveryend 2019-12-11 v1.11 Hooks at the very end of document (HO)
Package atveryend Info: \enddocument detected (standard20110627).
)
\Fld@listcount=\count291
\c@bookmark@seq@number=\count292

(/usr/share/texmf-dist/tex/latex/rerunfilecheck/rerunfilecheck.sty
Package: rerunfilecheck 2019/12/05 v1.9 Rerun checks for auxiliary files (HO)

(/usr/share/texmf-dist/tex/generic/uniquecounter/uniquecounter.sty
Package: uniquecounter 2019/12/15 v1.4 Provide unlimited unique counter (HO)
)
Package uniquecounter Info: New unique counter `rerunfilecheck' on input line 2
86.
)
\Hy@SectionHShift=\skip71
)
(/usr/share/texmf-dist/tex/latex/caption/caption.sty
Package: caption 2020/05/10 v3.4j Customizing captions (AR)

(/usr/share/texmf-dist/tex/latex/caption/caption3.sty
Package: caption3 2020/05/10 v1.11 caption3 kernel (AR)
Package caption3 Info: TeX engine: e-TeX on input line 61.
\captionmargin=\dimen170
\captionmargin@=\dimen171
\captionwidth=\dimen172
\caption@tempdima=\dimen173
\caption@indent=\dimen174
\caption@parindent=\dimen175
\caption@hangindent=\dimen176
Package caption Info: Standard document class detected.
)
\c@caption@flags=\count293
\c@continuedfloat=\count294
Package caption Info: hyperref package is loaded.
)
(/usr/share/texmf-dist/tex/latex/tools/indentfirst.sty
Package: indentfirst 1995/11/23 v1.03 Indent first paragraph (DPC)
)
(/usr/share/texmf-dist/tex/latex/dirtytalk/dirtytalk.sty
Package: dirtytalk 2010/11/21 A package making "quoting" easier

(/usr/share/texmf-dist/tex/latex/base/ifthen.sty
Package: ifthen 2014/09/29 v1.1c Standard LaTeX ifthen package (DPC)
)
\c@dirtytalk@qdepth=\count295
)
(/usr/share/texmf-dist/tex/latex/titlesec/titlesec.sty
Package: titlesec 2019/10/16 v2.13 Sectioning titles
\ttl@box=\box57
\beforetitleunit=\skip72
\aftertitleunit=\skip73
\ttl@plus=\dimen177
\ttl@minus=\dimen178
\ttl@toksa=\toks22
\titlewidth=\dimen179
\titlewidthlast=\dimen180
\titlewidthfirst=\dimen181
)
(/usr/share/texmf-dist/tex/latex/float/float.sty
Package: float 2001/11/08 v1.3d Float enhancements (AL)
\c@float@type=\count296
\float@exts=\toks23
\float@box=\box58
\@float@everytoks=\toks24
\@floatcapt=\box59
)
(/usr/share/texmf-dist/tex/latex/tools/verbatim.sty
Package: verbatim 2019/11/10 v1.5r LaTeX2e package for verbatim enhancements
\every@verbatim=\toks25
\verbatim@line=\toks26
\verbatim@in@stream=\read2
)
(/usr/share/texmf-dist/tex/latex/listings/listings.sty
\lst@mode=\count297
\lst@gtempboxa=\box60
\lst@token=\toks27
\lst@length=\count298
\lst@currlwidth=\dimen182
\lst@column=\count299
\lst@pos=\count300
\lst@lostspace=\dimen183
\lst@width=\dimen184
\lst@newlines=\count301
\lst@lineno=\count302
\lst@maxwidth=\dimen185

(/usr/share/texmf-dist/tex/latex/listings/lstmisc.sty
File: lstmisc.sty 2020/03/24 1.8d (Carsten Heinz)
\c@lstnumber=\count303
\lst@skipnumbers=\count304
\lst@framebox=\box61
)
(/usr/share/texmf-dist/tex/latex/listings/listings.cfg
File: listings.cfg 2020/03/24 1.8d listings configuration
))
Package: listings 2020/03/24 1.8d (Carsten Heinz)

(/usr/share/texmf-dist/tex/latex/caption/subcaption.sty
Package: subcaption 2020/01/22 v1.3d Sub-captions (AR)
\c@subfigure=\count305
\c@subtable=\count306
) (./Hearthstone-ai.aux

LaTeX Warning: Label `board' multiply defined.


LaTeX Warning: Label `ea' multiply defined.


LaTeX Warning: Label `board' multiply defined.


LaTeX Warning: Label `board' multiply defined.


LaTeX Warning: Label `board' multiply defined.


LaTeX Warning: Label `board' multiply defined.


LaTeX Warning: Label `board' multiply defined.


LaTeX Warning: Label `board' multiply defined.


LaTeX Warning: Label `board' multiply defined.


LaTeX Warning: Label `board' multiply defined.


LaTeX Warning: Label `board' multiply defined.


LaTeX Warning: Label `board' multiply defined.


LaTeX Warning: Label `board' multiply defined.


LaTeX Warning: Label `board' multiply defined.


LaTeX Warning: Label `board' multiply defined.


LaTeX Warning: Label `board' multiply defined.


LaTeX Warning: Label `board' multiply defined.


LaTeX Warning: Label `board' multiply defined.


LaTeX Warning: Label `board' multiply defined.


LaTeX Warning: Label `board' multiply defined.


LaTeX Warning: Label `board' multiply defined.


LaTeX Warning: Label `board' multiply defined.


LaTeX Warning: Label `board' multiply defined.


LaTeX Warning: Label `board' multiply defined.


LaTeX Warning: Label `board' multiply defined.


LaTeX Warning: Label `board' multiply defined.


LaTeX Warning: Label `board' multiply defined.


LaTeX Warning: Label `board' multiply defined.


LaTeX Warning: Label `board' multiply defined.


LaTeX Warning: Label `board' multiply defined.


LaTeX Warning: Label `board' multiply defined.


LaTeX Warning: Label `board' multiply defined.


LaTeX Warning: Label `board' multiply defined.


LaTeX Warning: Label `board' multiply defined.


LaTeX Warning: Label `board' multiply defined.


LaTeX Warning: Label `board' multiply defined.


LaTeX Warning: Label `board' multiply defined.

)
LaTeX Font Info:    Checking defaults for OML/cmm/m/it on input line 64.
LaTeX Font Info:    ... okay on input line 64.
LaTeX Font Info:    Checking defaults for OMS/cmsy/m/n on input line 64.
LaTeX Font Info:    ... okay on input line 64.
LaTeX Font Info:    Checking defaults for OT1/cmr/m/n on input line 64.
LaTeX Font Info:    ... okay on input line 64.
LaTeX Font Info:    Checking defaults for T1/cmr/m/n on input line 64.
LaTeX Font Info:    ... okay on input line 64.
LaTeX Font Info:    Checking defaults for TS1/cmr/m/n on input line 64.
LaTeX Font Info:    ... okay on input line 64.
LaTeX Font Info:    Checking defaults for OMX/cmex/m/n on input line 64.
LaTeX Font Info:    ... okay on input line 64.
LaTeX Font Info:    Checking defaults for U/cmr/m/n on input line 64.
LaTeX Font Info:    ... okay on input line 64.
LaTeX Font Info:    Checking defaults for PD1/pdf/m/n on input line 64.
LaTeX Font Info:    ... okay on input line 64.

Package chemgreek Info: Activating mapping `default' on line 64.

 (/usr/share/texmf-dist/tex/context/base/mkii/supp-pdf.mkii
[Loading MPS to PDF converter (version 2006.09.02).]
\scratchcounter=\count307
\scratchdimen=\dimen186
\scratchbox=\box62
\nofMPsegments=\count308
\nofMParguments=\count309
\everyMPshowfont=\toks28
\MPscratchCnt=\count310
\MPscratchDim=\dimen187
\MPnumerator=\count311
\makeMPintoPDFobject=\count312
\everyMPtoPDFconversion=\toks29
) (/usr/share/texmf-dist/tex/latex/epstopdf-pkg/epstopdf-base.sty
Package: epstopdf-base 2020-01-24 v2.11 Base part for package epstopdf
Package epstopdf-base Info: Redefining graphics rule for `.eps' on input line 4
85.

(/usr/share/texmf-dist/tex/latex/latexconfig/epstopdf-sys.cfg
File: epstopdf-sys.cfg 2010/07/13 v1.3 Configuration of (r)epstopdf for TeX Liv
e
))
(/usr/share/texmf-dist/tex/latex/translator/translator-basic-dictionary-English
.dict
Dictionary: translator-basic-dictionary, Language: English 
) (/usr/share/texmf-dist/tex/latex/siunitx/siunitx-abbreviations.cfg
File: siunitx-abbreviations.cfg 2017/11/26 v2.7k siunitx: Abbreviated units
)
\AtBeginShipoutBox=\box63
Package hyperref Info: Link coloring OFF on input line 64.

(/usr/share/texmf-dist/tex/latex/hyperref/nameref.sty
Package: nameref 2019/09/16 v2.46 Cross-referencing by name of section

(/usr/share/texmf-dist/tex/latex/refcount/refcount.sty
Package: refcount 2019/12/15 v3.6 Data extraction from label references (HO)
)
(/usr/share/texmf-dist/tex/generic/gettitlestring/gettitlestring.sty
Package: gettitlestring 2019/12/15 v1.6 Cleanup title references (HO)
)
\c@section@level=\count313
)
LaTeX Info: Redefining \ref on input line 64.
LaTeX Info: Redefining \pageref on input line 64.
LaTeX Info: Redefining \nameref on input line 64.

(./Hearthstone-ai.out) (./Hearthstone-ai.out)
\@outlinefile=\write3
Package caption Info: Begin \AtBeginDocument code.
Package caption Info: float package is loaded.
Package caption Info: listings package is loaded.
Package caption Info: End \AtBeginDocument code.
\c@lstlisting=\count314
 [1

{/var/lib/texmf/fonts/map/pdftex/updmap/pdftex.map}]
Underfull \hbox (badness 10000) in paragraph at lines 77--80

 []

pdfTeX warning (ext4): destination with the same identifier (name{page.1}) has 
been already used, duplicate ignored
<to be read again> 
                   \relax 
l.81 \end{abstract}
                    [1]pdfTeX warning (ext4): destination with the same identif
ier (name{page.1}) has been already used, duplicate ignored
<to be read again> 
                   \relax 
l.89 \tableofcontents
                      [1] (./Hearthstone-ai.toc [2

] [3])
\tf@toc=\write4
 [4]
Chapter 1.
[5

] [6]
Chapter 2.
<thalnos.jpg, id=530, 200.75pt x 304.13625pt>
File: thalnos.jpg Graphic file (type jpg)
<use thalnos.jpg>
Package pdftex.def Info: thalnos.jpg  used on input line 122.
(pdftex.def)             Requested size: 86.25pt x 130.6693pt.
[7

]
Underfull \hbox (badness 10000) in paragraph at lines 129--130

 []

<hearthstonegameboard.png, id=545, 1189.44376pt x 695.59875pt>
File: hearthstonegameboard.png Graphic file (type png)
<use hearthstonegameboard.png>
Package pdftex.def Info: hearthstonegameboard.png  used on input line 133.
(pdftex.def)             Requested size: 345.0pt x 201.7503pt.

LaTeX Warning: `h' float specifier changed to `ht'.


Underfull \hbox (badness 10000) in paragraph at lines 137--137
[][][][]$\OT1/cmtt/m/n/8 https : / / bothgunsblazingblog . wordpress . com / 20
14 / 06 / 22 /
 []

[8 <./thalnos.jpg>] [9 <./hearthstonegameboard.png (PNG copy)>]
<mana_curve.png, id=583, 208.52907pt x 129.48375pt>
File: mana_curve.png Graphic file (type png)
<use mana_curve.png>
Package pdftex.def Info: mana_curve.png  used on input line 151.
(pdftex.def)             Requested size: 172.5pt x 107.1178pt.
 [10 <./mana_curve.png>] [11]
Underfull \hbox (badness 7704) in paragraph at lines 177--177
[][][]\OT1/cmr/m/n/8 For ex-am-ple cards: []$\OT1/cmtt/m/n/8 https : / / github
 . com / minimaxir / mtg-[]gpt-[]2-[]cloud-[]run / tree /
 []

[12]
Underfull \hbox (badness 10000) in paragraph at lines 194--194
[][][][]$\OT1/cmtt/m/n/8 https : / / www . blizzard . com / en-[]us / legal / f
ba4d00f-[]c7e4-[]4883-[]b8b9-[]1b4500a402ea /
 []


Underfull \hbox (badness 10000) in paragraph at lines 194--196

 []

[13]
<EAFlowchart.png, id=691, 822.07124pt x 474.27188pt>
File: EAFlowchart.png Graphic file (type png)
<use EAFlowchart.png>
Package pdftex.def Info: EAFlowchart.png  used on input line 202.
(pdftex.def)             Requested size: 345.0pt x 199.03362pt.
 [14] [15 <./EAFlowchart.png (PNG copy)>]
<ANN.png, id=733, 853.1875pt x 499.8675pt>
File: ANN.png Graphic file (type png)
<use ANN.png>
Package pdftex.def Info: ANN.png  used on input line 217.
(pdftex.def)             Requested size: 345.0pt x 202.1325pt.
 [16] [17 <./ANN.png>]
<GAN.png, id=760, 446.66875pt x 528.97626pt>
File: GAN.png Graphic file (type png)
<use GAN.png>
Package pdftex.def Info: GAN.png  used on input line 229.
(pdftex.def)             Requested size: 172.5pt x 204.2901pt.

Overfull \hbox (17.05518pt too wide) in paragraph at lines 232--232
[][][][]$\OT1/cmtt/m/n/8 https : / / machinelearningmastery . com / what-[]are-
[]generative-[]adversarial-[]networks-[]gans/$[]| 
 []

[18 <./GAN.png>] [19]
Chapter 3.

Underfull \hbox (badness 10000) in paragraph at lines 248--250

 []

[20

] [21]
Underfull \hbox (badness 10000) in paragraph at lines 280--282

 []

[22] [23] [24]
Chapter 4.
[25

]
Underfull \hbox (badness 10000) in paragraph at lines 325--326

 []

<ToS.png, id=848, 779.16093pt x 274.02374pt>
File: ToS.png Graphic file (type png)
<use ToS.png>
Package pdftex.def Info: ToS.png  used on input line 329.
(pdftex.def)             Requested size: 345.0pt x 121.3318pt.

LaTeX Warning: `h' float specifier changed to `ht'.

[26] [27 <./ToS.png (PNG copy)>]
Chapter 5.

Underfull \hbox (badness 10000) in paragraph at lines 344--347

 []


Underfull \hbox (badness 10000) in paragraph at lines 344--347

 []

[28

]
<collectionpage.png, id=869, 1189.44376pt x 569.87906pt>
File: collectionpage.png Graphic file (type png)
<use collectionpage.png>
Package pdftex.def Info: collectionpage.png  used on input line 350.
(pdftex.def)             Requested size: 345.0pt x 165.28677pt.

Underfull \hbox (badness 10000) in paragraph at lines 357--359

 []

<OpenWebScraper.png, id=874, 366.61969pt x 569.87906pt>
File: OpenWebScraper.png Graphic file (type png)
<use OpenWebScraper.png>
Package pdftex.def Info: OpenWebScraper.png  used on input line 362.
(pdftex.def)             Requested size: 183.04086pt x 284.52142pt.
[29 <./collectionpage.png (PNG copy)>]
<InitialFileRead.png, id=885, 526.21594pt x 323.70938pt>
File: InitialFileRead.png Graphic file (type png)
<use InitialFileRead.png>
Package pdftex.def Info: InitialFileRead.png  used on input line 373.
(pdftex.def)             Requested size: 345.0pt x 212.24112pt.
 [30 <./OpenWebScraper.png (PNG copy)>]
<deckConversion.png, id=892, 526.21594pt x 384.6872pt>
File: deckConversion.png Graphic file (type png)
<use deckConversion.png>
Package pdftex.def Info: deckConversion.png  used on input line 382.
(pdftex.def)             Requested size: 345.0pt x 252.22142pt.

[31 <./InitialFileRead.png (PNG copy)>] [32 <./deckConversion.png (PNG copy)>]
[33]
<cardAPI.png, id=910, 739.26187pt x 408.02437pt>
File: cardAPI.png Graphic file (type png)
<use cardAPI.png>
Package pdftex.def Info: cardAPI.png  used on input line 411.
(pdftex.def)             Requested size: 431.25pt x 238.024pt.

Overfull \hbox (86.25pt too wide) in paragraph at lines 411--412
 [][] 
 []


LaTeX Warning: `h' float specifier changed to `ht'.

[34]
<jsonOpen.png, id=918, 505.89pt x 328.22626pt>
File: jsonOpen.png Graphic file (type png)
<use jsonOpen.png>
Package pdftex.def Info: jsonOpen.png  used on input line 420.
(pdftex.def)             Requested size: 345.0pt x 223.84198pt.
 [35 <./cardAPI.png (PNG copy)>]
<impure.png, id=925, 679.78969pt x 307.1475pt>
File: impure.png Graphic file (type png)
<use impure.png>
Package pdftex.def Info: impure.png  used on input line 429.
(pdftex.def)             Requested size: 431.25pt x 194.84901pt.

Overfull \hbox (86.25pt too wide) in paragraph at lines 429--430
 [][] 
 []

[36 <./jsonOpen.png (PNG copy)>]
Underfull \hbox (badness 10000) in paragraph at lines 440--442

 []

[37 <./impure.png (PNG copy)>] [38]
<csvIm.png, id=943, 748.29562pt x 332.74312pt>
File: csvIm.png Graphic file (type png)
<use csvIm.png>
Package pdftex.def Info: csvIm.png  used on input line 452.
(pdftex.def)             Requested size: 431.25pt x 191.76244pt.

Overfull \hbox (86.25pt too wide) in paragraph at lines 452--453
 [][] 
 []


Underfull \hbox (badness 10000) in paragraph at lines 457--458

 []


Underfull \hbox (badness 10000) in paragraph at lines 457--458

 []

<readVectorDecks.png, id=944, 522.45187pt x 322.95656pt>
File: readVectorDecks.png Graphic file (type png)
<use readVectorDecks.png>
Package pdftex.def Info: readVectorDecks.png  used on input line 464.
(pdftex.def)             Requested size: 431.25pt x 266.58536pt.

Overfull \hbox (86.25pt too wide) in paragraph at lines 464--465
 [][] 
 []

[39 <./csvIm.png (PNG copy)>]
Overfull \hbox (32.9967pt too wide) in paragraph at lines 474--476
\OT1/cmtt/m/n/10 Studies', 'Primordial Studies', 'Wand Thief', 'Wand Thief', 'A
stromancer
 []


Overfull \hbox (11.99689pt too wide) in paragraph at lines 474--476
\OT1/cmtt/m/n/10 Solarian', 'Cram Session', 'Cram Session', 'Runed Orb', 'Runed
 Orb',
 []


Overfull \hbox (22.4968pt too wide) in paragraph at lines 474--476
\OT1/cmtt/m/n/10 'Wildfire', 'Wildfire', 'Firebrand', 'Fireball', 'Fireball', '
Reckless
 []


Overfull \hbox (43.49661pt too wide) in paragraph at lines 474--476
\OT1/cmtt/m/n/10 Apprentice', 'Reckless Apprentice', 'Refreshing Spring Water',
 'Refreshing
 []


Overfull \hbox (59.24648pt too wide) in paragraph at lines 474--476
\OT1/cmtt/m/n/10 Spring Water', 'Ring Toss', 'Ring Toss', 'Jandice Barov', 'Ras
 Frostwhisper',
 []


Overfull \hbox (11.99689pt too wide) in paragraph at lines 474--476
\OT1/cmtt/m/n/10 'Flamestrike', 'Flamestrike', 'Mordresh Fire Eye', 'Far Watch 
Post',
 []

[40 <./readVectorDecks.png (PNG copy)>]
<improvedDC.png, id=957, 697.8572pt x 191.9672pt>
File: improvedDC.png Graphic file (type png)
<use improvedDC.png>
Package pdftex.def Info: improvedDC.png  used on input line 481.
(pdftex.def)             Requested size: 431.25pt x 118.62885pt.

Overfull \hbox (86.25pt too wide) in paragraph at lines 481--482
 [][] 
 []

<JSONConversion.png, id=958, 317.68687pt x 359.84438pt>
File: JSONConversion.png Graphic file (type png)
<use JSONConversion.png>
Package pdftex.def Info: JSONConversion.png  used on input line 490.
(pdftex.def)             Requested size: 256.09853pt x 284.54848pt.
[41 <./improvedDC.png (PNG copy)>]
<readJSONDecks.png, id=965, 348.55219pt x 142.28156pt>
File: readJSONDecks.png Graphic file (type png)
<use readJSONDecks.png>
Package pdftex.def Info: readJSONDecks.png  used on input line 499.
(pdftex.def)             Requested size: 345.0pt x 140.83963pt.
 [42 <./JSONConversion.png (PNG copy)>]
<HSpwnDecks.png, id=971, 1011.78pt x 554.82281pt>
File: HSpwnDecks.png Graphic file (type png)
<use HSpwnDecks.png>
Package pdftex.def Info: HSpwnDecks.png  used on input line 518.
(pdftex.def)             Requested size: 345.0pt x 189.18755pt.

Overfull \hbox (32.9967pt too wide) in paragraph at lines 505--521
\OT1/cmtt/m/n/10 4, 'Hunter' : 8, 'Mage' : 16, 'Paladin' : 32, 'Priest' : 64, '
Rogue'
 []


Overfull \hbox (17.57996pt too wide) in paragraph at lines 505--521
\OT1/cmr/m/n/10 URL will look like: $\OT1/cmtt/m/n/10 https : / / www . hearthp
wn . com / decks ? filter-[]show-[]standard =
 []


Overfull \hbox (7.27477pt too wide) in paragraph at lines 505--521
\OT1/cmtt/m/n/10 1 & filter-[]show-[]constructed-[]only = y & filter-[]deck-[]t
ag = 1 & filter-[]class = 4)$\OT1/cmr/m/n/10 .
 []

[43 <./readJSONDecks.png (PNG copy)>]
<pageMax.png, id=977, 736.25063pt x 125.71968pt>
File: pageMax.png Graphic file (type png)
<use pageMax.png>
Package pdftex.def Info: pageMax.png  used on input line 527.
(pdftex.def)             Requested size: 431.25pt x 73.64066pt.

Overfull \hbox (86.25pt too wide) in paragraph at lines 527--528
 [][] 
 []

<scrapeDecks.png, id=978, 563.85657pt x 386.19281pt>
File: scrapeDecks.png Graphic file (type png)
<use scrapeDecks.png>
Package pdftex.def Info: scrapeDecks.png  used on input line 536.
(pdftex.def)             Requested size: 431.25pt x 295.3717pt.

Overfull \hbox (86.25pt too wide) in paragraph at lines 536--537
 [][] 
 []

[44 <./HSpwnDecks.png (PNG copy)> <./pageMax.png (PNG copy)>]
<cardsURL.png, id=985, 612.78937pt x 275.52937pt>
File: cardsURL.png Graphic file (type png)
<use cardsURL.png>
Package pdftex.def Info: cardsURL.png  used on input line 545.
(pdftex.def)             Requested size: 431.25pt x 193.90347pt.

Overfull \hbox (86.25pt too wide) in paragraph at lines 545--546
 [][] 
 []

[45 <./scrapeDecks.png (PNG copy)>] [46 <./cardsURL.png (PNG copy)>]
<generator.png, id=998, 636.87938pt x 187.45032pt>
File: generator.png Graphic file (type png)
<use generator.png>
Package pdftex.def Info: generator.png  used on input line 560.
(pdftex.def)             Requested size: 431.25pt x 126.92679pt.

Overfull \hbox (86.25pt too wide) in paragraph at lines 560--561
 [][] 
 []

<discriminator.png, id=999, 618.05907pt x 110.66344pt>
File: discriminator.png Graphic file (type png)
<use discriminator.png>
Package pdftex.def Info: discriminator.png  used on input line 569.
(pdftex.def)             Requested size: 431.25pt x 77.21733pt.

Overfull \hbox (86.25pt too wide) in paragraph at lines 569--570
 [][] 
 []

[47 <./generator.png (PNG copy)>]
<gan.png, id=1007, 618.05907pt x 181.42781pt>
File: gan.png Graphic file (type png)
<use gan.png>
Package pdftex.def Info: gan.png  used on input line 579.
(pdftex.def)             Requested size: 431.25pt x 126.59442pt.

Overfull \hbox (86.25pt too wide) in paragraph at lines 579--580
 [][] 
 []

[48 <./discriminator.png (PNG copy)> <./gan.png (PNG copy)>]
<train.png, id=1016, 739.26187pt x 325.96782pt>
File: train.png Graphic file (type png)
<use train.png>
Package pdftex.def Info: train.png  used on input line 591.
(pdftex.def)             Requested size: 431.25pt x 190.1557pt.

Overfull \hbox (86.25pt too wide) in paragraph at lines 591--592
 [][] 
 []

<sumPer.png, id=1017, 607.51968pt x 339.51843pt>
File: sumPer.png Graphic file (type png)
<use sumPer.png>
Package pdftex.def Info: sumPer.png  used on input line 600.
(pdftex.def)             Requested size: 431.25pt x 241.01314pt.

Overfull \hbox (86.25pt too wide) in paragraph at lines 600--601
 [][] 
 []

[49 <./train.png (PNG copy)>]
<initialTraining.png, id=1024, 319.1925pt x 188.20313pt>
File: initialTraining.png Graphic file (type png)
<use initialTraining.png>
Package pdftex.def Info: initialTraining.png  used on input line 611.
(pdftex.def)             Requested size: 345.0pt x 203.42001pt.
 [50 <./sumPer.png (PNG copy)>]
Underfull \hbox (badness 10000) in paragraph at lines 616--618

 []

[51 <./initialTraining.png (PNG copy)>]
<choice.png, id=1036, 449.42906pt x 156.585pt>
File: choice.png Graphic file (type png)
<use choice.png>
Package pdftex.def Info: choice.png  used on input line 626.
(pdftex.def)             Requested size: 345.0pt x 120.20525pt.
<limitCardRange.png, id=1037, 657.95813pt x 240.9pt>
File: limitCardRange.png Graphic file (type png)
<use limitCardRange.png>
Package pdftex.def Info: limitCardRange.png  used on input line 636.
(pdftex.def)             Requested size: 431.25pt x 157.89908pt.

Overfull \hbox (86.25pt too wide) in paragraph at lines 636--637
 [][] 
 []

[52 <./choice.png (PNG copy)>]
<abs.png, id=1044, 376.40625pt x 171.64125pt>
File: abs.png Graphic file (type png)
<use abs.png>
Package pdftex.def Info: abs.png  used on input line 651.
(pdftex.def)             Requested size: 345.0pt x 157.33041pt.
 [53 <./limitCardRange.png (PNG copy)> <./abs.png (PNG copy)>]
<duplicates.png, id=1053, 441.14813pt x 212.29312pt>
File: duplicates.png Graphic file (type png)
<use duplicates.png>
Package pdftex.def Info: duplicates.png  used on input line 660.
(pdftex.def)             Requested size: 345.0pt x 166.03175pt.
 [54 <./duplicates.png (PNG copy)>]
Chapter 6.
[55

]
<simMain.png, id=1063, 651.18282pt x 324.46219pt>
File: simMain.png Graphic file (type png)
<use simMain.png>
Package pdftex.def Info: simMain.png  used on input line 691.
(pdftex.def)             Requested size: 431.25pt x 214.88338pt.

Overfull \hbox (86.25pt too wide) in paragraph at lines 691--692
 [][] 
 []

<playFullGame.png, id=1064, 513.41812pt x 219.82124pt>
File: playFullGame.png Graphic file (type png)
<use playFullGame.png>
Package pdftex.def Info: playFullGame.png  used on input line 700.
(pdftex.def)             Requested size: 431.25pt x 184.64186pt.

Overfull \hbox (86.25pt too wide) in paragraph at lines 700--701
 [][] 
 []

[56 <./simMain.png (PNG copy)>]
Overfull \hbox (2.63855pt too wide) in paragraph at lines 705--706
\OT1/cmr/m/n/10 code was adapted to make it dy-namic (fig-ure 6.3), how-ever a 
$\OT1/cmtt/m/n/10 class _ converter()$
 []

<setupGame.png, id=1071, 469.00218pt x 266.49562pt>
File: setupGame.png Graphic file (type png)
<use setupGame.png>
Package pdftex.def Info: setupGame.png  used on input line 709.
(pdftex.def)             Requested size: 345.0pt x 196.03255pt.
<classConverter.png, id=1072, 301.8778pt x 325.215pt>
File: classConverter.png Graphic file (type png)
<use classConverter.png>
Package pdftex.def Info: classConverter.png  used on input line 716.
(pdftex.def)             Requested size: 256.07222pt x 284.54753pt.
[57 <./playFullGame.png (PNG copy)> <./setupGame.png (PNG copy)>]
<playTurn.png, id=1079, 520.94624pt x 175.40532pt>
File: playTurn.png Graphic file (type png)
<use playTurn.png>
Package pdftex.def Info: playTurn.png  used on input line 725.
(pdftex.def)             Requested size: 345.0pt x 116.16397pt.
 [58 <./classConverter.png (PNG copy)> <./playTurn.png (PNG copy)>]
<simExec.png, id=1086, 487.06969pt x 196.48407pt>
File: simExec.png Graphic file (type png)
<use simExec.png>
Package pdftex.def Info: simExec.png  used on input line 735.
(pdftex.def)             Requested size: 345.0pt x 139.17186pt.
<TestImages/HunterDeckSplitFake.png, id=1087, 254.9525pt x 247.92625pt>
File: TestImages/HunterDeckSplitFake.png Graphic file (type png)
<use TestImages/HunterDeckSplitFake.png>
Package pdftex.def Info: TestImages/HunterDeckSplitFake.png  used on input line
 746.
(pdftex.def)             Requested size: 129.375pt x 125.81651pt.
<TestImages/HunterDeckSplitReal.png, id=1088, 256.96pt x 247.92625pt>
File: TestImages/HunterDeckSplitReal.png Graphic file (type png)
<use TestImages/HunterDeckSplitReal.png>
Package pdftex.def Info: TestImages/HunterDeckSplitReal.png  used on input line
 751.
(pdftex.def)             Requested size: 129.375pt x 124.82913pt.
<TestImages/WarlockDeckSplitFake.png, id=1089, 241.90375pt x 247.92625pt>
File: TestImages/WarlockDeckSplitFake.png Graphic file (type png)
<use TestImages/WarlockDeckSplitFake.png>
Package pdftex.def Info: TestImages/WarlockDeckSplitFake.png  used on input lin
e 761.
(pdftex.def)             Requested size: 129.375pt x 132.5995pt.
<TestImages/WarlockDeckSplitReal.png, id=1090, 231.86626pt x 247.92625pt>
File: TestImages/WarlockDeckSplitReal.png Graphic file (type png)
<use TestImages/WarlockDeckSplitReal.png>
Package pdftex.def Info: TestImages/WarlockDeckSplitReal.png  used on input lin
e 766.
(pdftex.def)             Requested size: 129.375pt x 138.33838pt.
 [59 <./simExec.png (PNG copy)> <./TestImages/HunterDeckSplitFake.png> <./TestI
mages/HunterDeckSplitReal.png>]
<TestImages/ShamanDeckSplitFake.png, id=1101, 258.9675pt x 247.92625pt>
File: TestImages/ShamanDeckSplitFake.png Graphic file (type png)
<use TestImages/ShamanDeckSplitFake.png>
Package pdftex.def Info: TestImages/ShamanDeckSplitFake.png  used on input line
 776.
(pdftex.def)             Requested size: 129.375pt x 123.86446pt.
<TestImages/ShamanDeckSplitReal.png, id=1102, 256.96pt x 247.92625pt>
File: TestImages/ShamanDeckSplitReal.png Graphic file (type png)
<use TestImages/ShamanDeckSplitReal.png>
Package pdftex.def Info: TestImages/ShamanDeckSplitReal.png  used on input line
 781.
(pdftex.def)             Requested size: 129.375pt x 124.82913pt.
<TestImages/NeutralSplitHunterDecks.png, id=1103, 262.9825pt x 247.92625pt>
File: TestImages/NeutralSplitHunterDecks.png Graphic file (type png)
<use TestImages/NeutralSplitHunterDecks.png>
Package pdftex.def Info: TestImages/NeutralSplitHunterDecks.png  used on input 
line 792.
(pdftex.def)             Requested size: 77.62578pt x 73.183pt.
<TestImages/NeutralSplitHunterDecksReal.png, id=1104, 231.86626pt x 247.92625pt
>
File: TestImages/NeutralSplitHunterDecksReal.png Graphic file (type png)
<use TestImages/NeutralSplitHunterDecksReal.png>
Package pdftex.def Info: TestImages/NeutralSplitHunterDecksReal.png  used on in
put line 797.
(pdftex.def)             Requested size: 77.62578pt x 83.00378pt.
<TestImages/NeutralSplitAllCards.png, id=1105, 234.8775pt x 247.92625pt>
File: TestImages/NeutralSplitAllCards.png Graphic file (type png)
<use TestImages/NeutralSplitAllCards.png>
Package pdftex.def Info: TestImages/NeutralSplitAllCards.png  used on input lin
e 802.
(pdftex.def)             Requested size: 77.62578pt x 81.93697pt.
 [60 <./TestImages/WarlockDeckSplitFake.png> <./TestImages/WarlockDeckSplitReal
.png> <./TestImages/ShamanDeckSplitFake.png> <./TestImages/ShamanDeckSplitReal.
png>]
<TestImages/NeutralSplitWarlockDecksFake.png, id=1116, 266.9975pt x 247.92625pt
>
File: TestImages/NeutralSplitWarlockDecksFake.png Graphic file (type png)
<use TestImages/NeutralSplitWarlockDecksFake.png>
Package pdftex.def Info: TestImages/NeutralSplitWarlockDecksFake.png  used on i
nput line 812.
(pdftex.def)             Requested size: 77.62578pt x 72.08214pt.
<TestImages/NeutralSplitWarlockDecksReal.png, id=1117, 231.86626pt x 247.92625p
t>
File: TestImages/NeutralSplitWarlockDecksReal.png Graphic file (type png)
<use TestImages/NeutralSplitWarlockDecksReal.png>
Package pdftex.def Info: TestImages/NeutralSplitWarlockDecksReal.png  used on i
nput line 817.
(pdftex.def)             Requested size: 77.62578pt x 83.00378pt.
File: TestImages/NeutralSplitAllCards.png Graphic file (type png)
<use TestImages/NeutralSplitAllCards.png>
Package pdftex.def Info: TestImages/NeutralSplitAllCards.png  used on input lin
e 822.
(pdftex.def)             Requested size: 77.62578pt x 81.93697pt.
<TestImages/NeutralSplitShamanDecksFake.png, id=1118, 262.9825pt x 247.92625pt>

File: TestImages/NeutralSplitShamanDecksFake.png Graphic file (type png)
<use TestImages/NeutralSplitShamanDecksFake.png>
Package pdftex.def Info: TestImages/NeutralSplitShamanDecksFake.png  used on in
put line 832.
(pdftex.def)             Requested size: 77.62578pt x 73.183pt.
<TestImages/NeutralSplitShamanDecksReal.png, id=1119, 231.86626pt x 247.92625pt
>
File: TestImages/NeutralSplitShamanDecksReal.png Graphic file (type png)
<use TestImages/NeutralSplitShamanDecksReal.png>
Package pdftex.def Info: TestImages/NeutralSplitShamanDecksReal.png  used on in
put line 837.
(pdftex.def)             Requested size: 77.62578pt x 83.00378pt.
File: TestImages/NeutralSplitAllCards.png Graphic file (type png)
<use TestImages/NeutralSplitAllCards.png>
Package pdftex.def Info: TestImages/NeutralSplitAllCards.png  used on input lin
e 842.
(pdftex.def)             Requested size: 77.62578pt x 81.93697pt.

Overfull \hbox (10.37294pt too wide) in paragraph at lines 847--847
|[]\OT1/cmr/bx/n/14.4 Comparing mana curve for real and fake decks| 
 []

<TestImages/HunterDeckManaCurveFake.png, id=1120, 383.4325pt x 279.0425pt>
File: TestImages/HunterDeckManaCurveFake.png Graphic file (type png)
<use TestImages/HunterDeckManaCurveFake.png>
Package pdftex.def Info: TestImages/HunterDeckManaCurveFake.png  used on input 
line 853.
(pdftex.def)             Requested size: 129.375pt x 94.15361pt.
<TestImages/HunterDeckManaCurveReal.png, id=1121, 377.41pt x 279.0425pt>
File: TestImages/HunterDeckManaCurveReal.png Graphic file (type png)
<use TestImages/HunterDeckManaCurveReal.png>
Package pdftex.def Info: TestImages/HunterDeckManaCurveReal.png  used on input 
line 858.
(pdftex.def)             Requested size: 129.375pt x 95.65237pt.
[61 <./TestImages/NeutralSplitHunterDecks.png> <./TestImages/NeutralSplitHunter
DecksReal.png> <./TestImages/NeutralSplitAllCards.png> <./TestImages/NeutralSpl
itWarlockDecksFake.png> <./TestImages/NeutralSplitWarlockDecksReal.png> <./Test
Images/NeutralSplitShamanDecksFake.png> <./TestImages/NeutralSplitShamanDecksRe
al.png>]
<TestImages/WarlockDeckManaCurveFake.png, id=1136, 383.4325pt x 279.0425pt>
File: TestImages/WarlockDeckManaCurveFake.png Graphic file (type png)
<use TestImages/WarlockDeckManaCurveFake.png>
Package pdftex.def Info: TestImages/WarlockDeckManaCurveFake.png  used on input
 line 868.
(pdftex.def)             Requested size: 129.375pt x 94.15361pt.
<TestImages/WarlockDeckManaCurveReal.png, id=1137, 377.41pt x 279.0425pt>
File: TestImages/WarlockDeckManaCurveReal.png Graphic file (type png)
<use TestImages/WarlockDeckManaCurveReal.png>
Package pdftex.def Info: TestImages/WarlockDeckManaCurveReal.png  used on input
 line 873.
(pdftex.def)             Requested size: 129.375pt x 95.65237pt.
<TestImages/ShamanDeckManaCurveFake.png, id=1138, 383.4325pt x 279.0425pt>
File: TestImages/ShamanDeckManaCurveFake.png Graphic file (type png)
<use TestImages/ShamanDeckManaCurveFake.png>
Package pdftex.def Info: TestImages/ShamanDeckManaCurveFake.png  used on input 
line 883.
(pdftex.def)             Requested size: 129.375pt x 94.15361pt.
<TestImages/ShamanDeckManaCurveReal.png, id=1139, 383.4325pt x 279.0425pt>
File: TestImages/ShamanDeckManaCurveReal.png Graphic file (type png)
<use TestImages/ShamanDeckManaCurveReal.png>
Package pdftex.def Info: TestImages/ShamanDeckManaCurveReal.png  used on input 
line 888.
(pdftex.def)             Requested size: 129.375pt x 94.15361pt.
 [62 <./TestImages/HunterDeckManaCurveFake.png> <./TestImages/HunterDeckManaCur
veReal.png> <./TestImages/WarlockDeckManaCurveFake.png> <./TestImages/WarlockDe
ckManaCurveReal.png>]
<TestImages/HunterDeckWinrateClasses.png, id=1151, 388.45125pt x 314.17375pt>
File: TestImages/HunterDeckWinrateClasses.png Graphic file (type png)
<use TestImages/HunterDeckWinrateClasses.png>
Package pdftex.def Info: TestImages/HunterDeckWinrateClasses.png  used on input
 line 899.
(pdftex.def)             Requested size: 172.5pt x 139.51685pt.
<TestImages/HunterAllGeneratedDeckOverallWinrate.png, id=1152, 387.4475pt x 279
.0425pt>
File: TestImages/HunterAllGeneratedDeckOverallWinrate.png Graphic file (type pn
g)
<use TestImages/HunterAllGeneratedDeckOverallWinrate.png>
Package pdftex.def Info: TestImages/HunterAllGeneratedDeckOverallWinrate.png  u
sed on input line 904.
(pdftex.def)             Requested size: 172.5pt x 124.23524pt.
<TestImages/WarlockDeckWinrateClasses.png, id=1153, 388.45125pt x 314.17375pt>
File: TestImages/WarlockDeckWinrateClasses.png Graphic file (type png)
<use TestImages/WarlockDeckWinrateClasses.png>
Package pdftex.def Info: TestImages/WarlockDeckWinrateClasses.png  used on inpu
t line 914.
(pdftex.def)             Requested size: 172.5pt x 139.51685pt.
<TestImages/WarlockAllGeneratedDeckOverallWinrate.png, id=1154, 393.47pt x 279.
0425pt>
File: TestImages/WarlockAllGeneratedDeckOverallWinrate.png Graphic file (type p
ng)
<use TestImages/WarlockAllGeneratedDeckOverallWinrate.png>
Package pdftex.def Info: TestImages/WarlockAllGeneratedDeckOverallWinrate.png  
used on input line 919.
(pdftex.def)             Requested size: 172.5pt x 122.332pt.
 [63 <./TestImages/ShamanDeckManaCurveFake.png> <./TestImages/ShamanDeckManaCur
veReal.png> <./TestImages/HunterDeckWinrateClasses.png> <./TestImages/HunterAll
GeneratedDeckOverallWinrate.png>]
<TestImages/ShamanDeckWinrateClasses.png, id=1165, 388.45125pt x 314.17375pt>
File: TestImages/ShamanDeckWinrateClasses.png Graphic file (type png)
<use TestImages/ShamanDeckWinrateClasses.png>
Package pdftex.def Info: TestImages/ShamanDeckWinrateClasses.png  used on input
 line 929.
(pdftex.def)             Requested size: 172.5pt x 139.51685pt.
<TestImages/ShamanAllGeneratedDeckOverallWinrate.png, id=1166, 387.4475pt x 279
.0425pt>
File: TestImages/ShamanAllGeneratedDeckOverallWinrate.png Graphic file (type pn
g)
<use TestImages/ShamanAllGeneratedDeckOverallWinrate.png>
Package pdftex.def Info: TestImages/ShamanAllGeneratedDeckOverallWinrate.png  u
sed on input line 934.
(pdftex.def)             Requested size: 172.5pt x 124.23524pt.
 [64 <./TestImages/WarlockDeckWinrateClasses.png> <./TestImages/WarlockAllGener
atedDeckOverallWinrate.png> <./TestImages/ShamanDeckWinrateClasses.png> <./Test
Images/ShamanAllGeneratedDeckOverallWinrate.png>]
Chapter 7.
[65

] [66]
Underfull \hbox (badness 10000) in paragraph at lines 958--961

 []


Underfull \hbox (badness 10000) in paragraph at lines 962--965

 []

[67] (./Hearthstone-ai.bbl [68]
Underfull \hbox (badness 10000) in paragraph at lines 26--31
\OT1/cmr/m/n/10 hl = en & lr = &id = htJHI1UrL7IC & oi = fnd & pg = PR9 & dq = 
evolutionary +
 []


Underfull \hbox (badness 10000) in paragraph at lines 26--31
\OT1/cmr/m/n/10 algorithms & ots = fBl[]1QSCiT & sig = g5AzYmN078gAvTVrxhGqfPW-
[]Ieg &
 []


Underfull \hbox (badness 10000) in paragraph at lines 41--46
[]$\OT1/cmr/m/n/10 https : / / liverguac-[]my . sharepoint . com/ : v : /g / pe
rsonal / j[]p[]isaacs[]rgu[]ac[]uk /
 []


Underfull \hbox (badness 10000) in paragraph at lines 75--79
\OT1/cmr/m/n/10 hl = en & lr = &id = tLJgDAAAQBAJ & oi = fnd & pg = PT7 & dq = 
jungian +
 []


Underfull \hbox (badness 10000) in paragraph at lines 75--79
\OT1/cmr/m/n/10 archetypes & ots = 56eqtqa6K[] & sig = Tmk2iRpe1XHy9l[]kFD3Yc[]
N-[]Gnc &
 []

[69

]
Underfull \hbox (badness 10000) in paragraph at lines 171--175
\OT1/cmr/m/n/10 i-[]am-[]a-[]legend-[]hacking-[]hearthstone-[]using-[]statistic
al-[]learning-[]methods /
 []


Overfull \hbox (12.02847pt too wide) in paragraph at lines 171--175
\OT1/cmr/m/n/10 i-[]am-[]a-[]legend-[]hacking-[]hearthstone-[]using-[]statistic
al-[]learning-[]methods-[]paper .
 []

[70] [71] [72]) [73]
Chapter 8.
<ProhibitedConduct.png, id=1274, 609.02531pt x 482.55281pt>
File: ProhibitedConduct.png Graphic file (type png)
<use ProhibitedConduct.png>
Package pdftex.def Info: ProhibitedConduct.png  used on input line 981.
(pdftex.def)             Requested size: 431.25pt x 341.70186pt.

Overfull \hbox (86.25pt too wide) in paragraph at lines 981--983
 [][] 
 []

pdfTeX warning (ext4): destination with the same identifier (name{Hfootnote.30}
) has been already used, duplicate ignored
<to be read again> 
                   \relax 
l.986 ...xt{\url{https://www.magicfind.us/terms/}}
                                                   [74

 <./ProhibitedConduct.png (PNG copy)>]
<permission.png, id=1281, 1013.28563pt x 201.75375pt>
File: permission.png Graphic file (type png)
<use permission.png>
Package pdftex.def Info: permission.png  used on input line 992.
(pdftex.def)             Requested size: 431.25pt x 85.86272pt.

Overfull \hbox (86.25pt too wide) in paragraph at lines 992--994
 [][] 
 []

File: "../../cards-standard-report.txt"  (verbatim)
[75 <./permission.png (PNG copy)>] [76]
Package hyperref Info: bookmark level for unknown lstlisting defaults to 0 on i
nput line 1002.
 (../../card-json-example.json
LaTeX Font Info:    Trying to load font information for OMS+cmr on input line 3
.

(/usr/share/texmf-dist/tex/latex/base/omscmr.fd
File: omscmr.fd 2019/12/16 v2.5j Standard LaTeX font definitions
)
LaTeX Font Info:    Font shape `OMS/cmr/m/n' in size <10> not available
(Font)              Font shape `OMS/cmsy/m/n' tried instead on input line 3.

Overfull \hbox (95.00427pt too wide) in paragraph at lines 16--17
[][] 
 []


Overfull \hbox (101.00433pt too wide) in paragraph at lines 33--34
[][] 
 []

[77]
LaTeX Font Info:    Trying to load font information for OML+cmr on input line 4
7.
 (/usr/share/texmf-dist/tex/latex/base/omlcmr.fd
File: omlcmr.fd 2019/12/16 v2.5j Standard LaTeX font definitions
)
LaTeX Font Info:    Font shape `OML/cmr/m/n' in size <10> not available
(Font)              Font shape `OML/cmm/m/it' tried instead on input line 47.

Overfull \hbox (95.00427pt too wide) in paragraph at lines 53--54
[][] 
 []

[78]
Overfull \hbox (107.0044pt too wide) in paragraph at lines 81--82
[][] 
 []


Overfull \hbox (101.00433pt too wide) in paragraph at lines 109--110
[][] 
 []

[79]
Overfull \hbox (107.0044pt too wide) in paragraph at lines 131--132
[][] 
 []


Overfull \hbox (83.00415pt too wide) in paragraph at lines 150--151
[][] 
 []

[80]
Overfull \hbox (77.00409pt too wide) in paragraph at lines 176--177
[][] 
 []

)
Overfull \hbox (1.49698pt too wide) in paragraph at lines 1025--1026
\OT1/cmtt/m/n/10 "[153, 153, 164, 226, 226, 230, 230, 250, 348, 348, 460, 472, 
472,
 []


Overfull \hbox (27.74675pt too wide) in paragraph at lines 1025--1026
\OT1/cmtt/m/n/10 477, 487, 497, 522, 522, 593, 652, 652, 841, 841, 891, 891, 11
63, 1226,
 []


Overfull \hbox (17.24684pt too wide) in paragraph at lines 1025--1026
\OT1/cmtt/m/n/10 "[32, 68, 228, 282, 296, 465, 502, 543, 567, 633, 699, 804, 81
5, 945,
 []


Overfull \hbox (6.74693pt too wide) in paragraph at lines 1025--1026
\OT1/cmtt/m/n/10 964, 1013, 1060, 1107, 1114, 1130, 1239, 1246, 1251, 213, 234,
 269,
 []


Overfull \hbox (6.74693pt too wide) in paragraph at lines 1025--1026
\OT1/cmtt/m/n/10 "[64, 64, 74, 74, 192, 249, 249, 312, 312, 509, 622, 622, 663,
 663,
 []


Overfull \hbox (17.24684pt too wide) in paragraph at lines 1025--1026
\OT1/cmtt/m/n/10 965, 965, 213, 304, 304, 550, 639, 639, 712, 712, 713, 713, 71
8, 718,
 []


Overfull \hbox (1.49698pt too wide) in paragraph at lines 1025--1026
\OT1/cmtt/m/n/10 "[149, 149, 318, 318, 364, 364, 483, 483, 553, 616, 616, 752, 
752,
 []


Overfull \hbox (1.49698pt too wide) in paragraph at lines 1025--1026
\OT1/cmtt/m/n/10 765, 765, 824, 900, 900, 1118, 1139, 1160, 1209, 1219, 1219, 1
225,
 []


Overfull \hbox (11.99689pt too wide) in paragraph at lines 1025--1026
\OT1/cmtt/m/n/10 "[17, 69, 69, 149, 149, 205, 205, 318, 318, 364, 364, 483, 483
, 605,
 []


Overfull \hbox (17.24684pt too wide) in paragraph at lines 1025--1026
\OT1/cmtt/m/n/10 616, 616, 707, 707, 765, 765, 1015, 1015, 1118, 1139, 1225, 97
2, 972,
 []


Overfull \hbox (1.49698pt too wide) in paragraph at lines 1025--1026
\OT1/cmtt/m/n/10 "[164, 178, 206, 250, 295, 348, 472, 487, 497, 522, 591, 593, 
629,
 []


Overfull \hbox (11.99689pt too wide) in paragraph at lines 1025--1026
\OT1/cmtt/m/n/10 652, 772, 841, 891, 963, 1008, 1163, 1196, 1226, 453, 755, 935
, 940,
 []


Underfull \hbox (badness 10000) in paragraph at lines 1025--1026

 []


Underfull \hbox (badness 10000) in paragraph at lines 1025--1026

 []


Overfull \hbox (6.74693pt too wide) in paragraph at lines 1025--1026
\OT1/cmtt/m/n/10 "[8, 8, 15, 15, 17, 17, 23, 23, 78, 78, 96, 96, 149, 149, 318,
 318,
 []


Overfull \hbox (59.24648pt too wide) in paragraph at lines 1025--1026
\OT1/cmtt/m/n/10 364, 364, 393, 393, 396, 396, 462, 462, 611, 611, 616, 616, 44
1, 441]",Priest 
 []


Overfull \hbox (22.4968pt too wide) in paragraph at lines 1025--1026
\OT1/cmtt/m/n/10 "[7, 7, 29, 29, 303, 303, 328, 328, 351, 400, 400, 556, 556, 7
17, 717,
 []


Overfull \hbox (11.99689pt too wide) in paragraph at lines 1025--1026
\OT1/cmtt/m/n/10 761, 780, 780, 869, 869, 885, 885, 942, 942, 1037, 1127, 1128,
 1175,
 []


Overfull \hbox (11.99689pt too wide) in paragraph at lines 1025--1026
\OT1/cmtt/m/n/10 "[10, 10, 12, 12, 13, 13, 61, 61, 126, 126, 302, 302, 334, 334
, 411,
 []


Overfull \hbox (17.24684pt too wide) in paragraph at lines 1025--1026
\OT1/cmtt/m/n/10 411, 448, 685, 748, 801, 801, 840, 840, 1032, 1229, 1034, 1034
, 1180,
 []


Overfull \hbox (22.4968pt too wide) in paragraph at lines 1025--1026
\OT1/cmtt/m/n/10 "[17, 17, 65, 65, 84, 84, 173, 173, 202, 202, 238, 284, 284, 2
89, 289,
 []


Overfull \hbox (11.99689pt too wide) in paragraph at lines 1025--1026
\OT1/cmtt/m/n/10 321, 547, 547, 599, 599, 742, 742, 795, 795, 1038, 1038, 1062,
 1062,
 []


Overfull \hbox (1.49698pt too wide) in paragraph at lines 1025--1026
\OT1/cmtt/m/n/10 "[224, 224, 303, 303, 351, 377, 377, 485, 485, 486, 486, 516, 
691,
 []


Overfull \hbox (17.24684pt too wide) in paragraph at lines 1025--1026
\OT1/cmtt/m/n/10 691, 761, 869, 869, 870, 870, 885, 885, 912, 912, 1216, 1216, 
31, 31,
 []


Overfull \hbox (17.24684pt too wide) in paragraph at lines 1025--1026
\OT1/cmtt/m/n/10 "[12, 12, 171, 171, 180, 180, 183, 183, 242, 242, 265, 265, 57
6, 645,
 []


Overfull \hbox (17.24684pt too wide) in paragraph at lines 1025--1026
\OT1/cmtt/m/n/10 645, 664, 664, 684, 684, 911, 938, 107, 107, 189, 189, 449, 44
9, 441,
 []


Overfull \hbox (11.99689pt too wide) in paragraph at lines 1025--1026
\OT1/cmtt/m/n/10 "[2, 2, 16, 16, 19, 19, 133, 133, 140, 140, 159, 159, 204, 204
, 281,
 []


Overfull \hbox (17.24684pt too wide) in paragraph at lines 1025--1026
\OT1/cmtt/m/n/10 281, 292, 292, 427, 427, 444, 444, 497, 527, 521, 521, 635, 63
5, 939,
 []


Underfull \hbox (badness 10000) in paragraph at lines 1025--1026

 []

[81] [82] (../../example-json.json
Overfull \hbox (95.00427pt too wide) in paragraph at lines 18--19
[][] 
 []


Overfull \hbox (107.0044pt too wide) in paragraph at lines 19--20
[][] 
 []

[83]
Overfull \hbox (95.00427pt too wide) in paragraph at lines 44--45
[][] 
 []


Overfull \hbox (107.0044pt too wide) in paragraph at lines 45--46
[][] 
 []

[84]
Overfull \hbox (101.00433pt too wide) in paragraph at lines 73--74
[][] 
 []


Overfull \hbox (107.0044pt too wide) in paragraph at lines 98--99
[][] 
 []

[85]
Overfull \hbox (77.00409pt too wide) in paragraph at lines 123--124
[][] 
 []


Overfull \hbox (101.00433pt too wide) in paragraph at lines 124--125
[][] 
 []

[86]
Overfull \hbox (77.00409pt too wide) in paragraph at lines 144--145
[][] 
 []


Overfull \hbox (101.00433pt too wide) in paragraph at lines 145--146
[][] 
 []

) (./gitlog.txt [87] [88] [89] [90] [91] [92]) [93]
Package atveryend Info: Empty hook `BeforeClearDocument' on input line 1037.
 [94]
Package atveryend Info: Empty hook `AfterLastShipout' on input line 1037.
 (./Hearthstone-ai.aux)
Package atveryend Info: Executing hook `AtVeryEndDocument' on input line 1037.
Package atveryend Info: Executing hook `AtEndAfterFileList' on input line 1037.

Package rerunfilecheck Info: File `Hearthstone-ai.out' has not changed.
(rerunfilecheck)             Checksum: D073989F7CDBC0489F3D8D8393CD11C6;6229.

LaTeX Warning: There were multiply-defined labels.

Package atveryend Info: Empty hook `AtVeryVeryEnd' on input line 1037.
 ) 
Here is how much of TeX's memory you used:
 14376 strings out of 480478
 264560 string characters out of 5905958
 667313 words of memory out of 5000000
 29192 multiletter control sequences out of 15000+600000
 541823 words of font info for 59 fonts, out of 8000000 for 9000
 1141 hyphenation exceptions out of 8191
 39i,9n,46p,2075b,2131s stack positions out of 5000i,500n,10000p,200000b,80000s
pdfTeX warning (dest): name{Hfootnote.31} has been referenced but does not ex
ist, replaced by a fixed one

{/usr/share/texmf-dist/fonts/enc/dvips/cm-super/cm-super-ts1.enc}</usr/share/te
xmf-dist/fonts/type1/public/amsfonts/cm/cmbx10.pfb></usr/share/texmf-dist/fonts
/type1/public/amsfonts/cm/cmbx12.pfb></usr/share/texmf-dist/fonts/type1/public/
amsfonts/cm/cmcsc10.pfb></usr/share/texmf-dist/fonts/type1/public/amsfonts/cm/c
mmi10.pfb></usr/share/texmf-dist/fonts/type1/public/amsfonts/cm/cmr10.pfb></usr
/share/texmf-dist/fonts/type1/public/amsfonts/cm/cmr12.pfb></usr/share/texmf-di
st/fonts/type1/public/amsfonts/cm/cmr17.pfb></usr/share/texmf-dist/fonts/type1/
public/amsfonts/cm/cmr6.pfb></usr/share/texmf-dist/fonts/type1/public/amsfonts/
cm/cmr7.pfb></usr/share/texmf-dist/fonts/type1/public/amsfonts/cm/cmr8.pfb></us
r/share/texmf-dist/fonts/type1/public/amsfonts/cm/cmr9.pfb></usr/share/texmf-di
st/fonts/type1/public/amsfonts/cm/cmsy10.pfb></usr/share/texmf-dist/fonts/type1
/public/amsfonts/cm/cmti10.pfb></usr/share/texmf-dist/fonts/type1/public/amsfon
ts/cm/cmtt10.pfb></usr/share/texmf-dist/fonts/type1/public/amsfonts/cm/cmtt8.pf
b></usr/share/texmf-dist/fonts/type1/public/cm-super/sfrm1000.pfb>
Output written on Hearthstone-ai.pdf (96 pages, 5104712 bytes).
PDF statistics:
 2245 PDF objects out of 2487 (max. 8388607)
 2008 compressed objects within 21 object streams
 980 named destinations out of 1000 (max. 500000)
 1083 words of extra memory for PDF output out of 10000 (max. 10000000)

